<?xml version="1.0" encoding="UTF-8"?>
<testng-results skipped="0" failed="0" ignored="0" total="1" passed="1">
  <reporter-output>
  </reporter-output>
  <suite name="Default suite" duration-ms="64" started-at="2019-05-28T21:14:17Z" finished-at="2019-05-28T21:14:18Z">
    <groups>
    </groups>
    <test name="Default test" duration-ms="64" started-at="2019-05-28T21:14:17Z" finished-at="2019-05-28T21:14:18Z">
      <class name="com.class11.Demo">
        <test-method status="PASS" signature="helloWorld()[pri:0, instance:com.class11.Demo@643b1d11]" name="helloWorld" duration-ms="28" started-at="2019-05-28T21:14:17Z" finished-at="2019-05-28T21:14:18Z">
          <reporter-output>
          </reporter-output>
        </test-method> <!-- helloWorld -->
      </class> <!-- com.class11.Demo -->
    </test> <!-- Default test -->
  </suite> <!-- Default suite -->
</testng-results>
